2022-09-30 09:33:02,317 - INFO - Started server process [20179]
2022-09-30 09:33:02,317 - INFO - Waiting for application startup.
2022-09-30 09:33:02,318 - INFO - Starting up...
2022-09-30 09:33:02,325 - INFO - Application startup complete.
2022-09-30 09:33:02,325 - INFO - Uvicorn running on http://127.0.0.1:8081 (Press CTRL+C to quit)
2022-09-30 09:33:20,240 - WARNING - Topic requests is not available during auto-create initialization
2022-09-30 09:37:34,935 - INFO - Shutting down
2022-09-30 09:37:35,036 - INFO - Waiting for application shutdown.
2022-09-30 09:37:35,036 - INFO - Shutting down...
2022-09-30 09:37:35,037 - INFO - Application shutdown complete.
2022-09-30 09:37:35,037 - INFO - Finished server process [20179]
2022-09-30 09:38:04,942 - INFO - Started server process [20749]
2022-09-30 09:38:04,942 - INFO - Waiting for application startup.
2022-09-30 09:38:04,942 - INFO - Starting up...
2022-09-30 09:38:04,951 - INFO - Application startup complete.
2022-09-30 09:38:04,952 - INFO - Uvicorn running on http://127.0.0.1:8081 (Press CTRL+C to quit)
2022-09-30 09:38:41,930 - INFO - Shutting down
2022-09-30 09:38:42,031 - INFO - Waiting for application shutdown.
2022-09-30 09:38:42,031 - INFO - Shutting down...
2022-09-30 09:38:42,031 - INFO - Application shutdown complete.
2022-09-30 09:38:42,032 - INFO - Finished server process [20749]
2022-09-30 09:42:43,369 - INFO - Started server process [21768]
2022-09-30 09:42:43,369 - INFO - Waiting for application startup.
2022-09-30 09:42:43,369 - INFO - Starting up...
2022-09-30 09:42:43,375 - INFO - Application startup complete.
2022-09-30 09:42:43,375 - INFO - Uvicorn running on http://127.0.0.1:8081 (Press CTRL+C to quit)
2022-09-30 10:05:49,850 - INFO - Shutting down
2022-09-30 10:05:49,951 - INFO - Waiting for application shutdown.
2022-09-30 10:05:49,951 - INFO - Shutting down...
2022-09-30 10:05:49,952 - INFO - Application shutdown complete.
2022-09-30 10:05:49,952 - INFO - Finished server process [21768]
